\BOOKMARK [1][-]{section.1}{\376\377\000P\000e\000n\000d\000a\000h\000u\000l\000u\000a\000n}{}% 1
\BOOKMARK [2][-]{subsection.1.1}{\376\377\000L\000a\000t\000a\000r\000\040\000B\000e\000l\000a\000k\000a\000n\000g}{section.1}% 2
\BOOKMARK [2][-]{subsection.1.2}{\376\377\000M\000o\000t\000i\000v\000a\000s\000i\000\040\000P\000e\000r\000b\000a\000n\000d\000i\000n\000g\000a\000n\000\040\000M\000o\000d\000e\000l}{section.1}% 3
\BOOKMARK [2][-]{subsection.1.3}{\376\377\000T\000u\000j\000u\000a\000n\000\040\000E\000k\000s\000p\000e\000r\000i\000m\000e\000n}{section.1}% 4
\BOOKMARK [1][-]{section.2}{\376\377\000L\000a\000n\000d\000a\000s\000a\000n\000\040\000T\000e\000o\000r\000i}{}% 5
\BOOKMARK [2][-]{subsection.2.1}{\376\377\000T\000r\000a\000n\000s\000f\000o\000r\000m\000e\000r\000\040\000d\000a\000n\000\040\000S\000e\000l\000f\000-\000A\000t\000t\000e\000n\000t\000i\000o\000n}{section.2}% 6
\BOOKMARK [2][-]{subsection.2.2}{\376\377\000A\000r\000s\000i\000t\000e\000k\000t\000u\000r\000\040\000M\000o\000d\000e\000l\000\040\000y\000a\000n\000g\000\040\000D\000i\000b\000a\000n\000d\000i\000n\000g\000k\000a\000n}{section.2}% 7
\BOOKMARK [3][-]{subsubsection.2.2.1}{\376\377\000M\000o\000d\000e\000l\000\040\0001\000:\000\040\000[\000N\000a\000m\000a\000\040\000M\000o\000d\000e\000l\000]}{subsection.2.2}% 8
\BOOKMARK [3][-]{subsubsection.2.2.2}{\376\377\000M\000o\000d\000e\000l\000\040\0002\000:\000\040\000[\000N\000a\000m\000a\000\040\000M\000o\000d\000e\000l\000]}{subsection.2.2}% 9
\BOOKMARK [3][-]{subsubsection.2.2.3}{\376\377\000M\000o\000d\000e\000l\000\040\0003\000:\000\040\000[\000N\000a\000m\000a\000\040\000M\000o\000d\000e\000l\000]}{subsection.2.2}% 10
\BOOKMARK [2][-]{subsection.2.3}{\376\377\000P\000e\000r\000b\000e\000d\000a\000a\000n\000\040\000K\000u\000n\000c\000i\000\040\000A\000n\000t\000a\000r\000\040\000M\000o\000d\000e\000l}{section.2}% 11
\BOOKMARK [2][-]{subsection.2.4}{\376\377\000K\000e\000l\000e\000b\000i\000h\000a\000n\000\040\000d\000a\000n\000\040\000K\000e\000k\000u\000r\000a\000n\000g\000a\000n\000\040\000M\000a\000s\000i\000n\000g\000-\000M\000a\000s\000i\000n\000g\000\040\000M\000o\000d\000e\000l}{section.2}% 12
\BOOKMARK [3][-]{subsubsection.2.4.1}{\376\377\000M\000o\000d\000e\000l\000\040\0001}{subsection.2.4}% 13
\BOOKMARK [3][-]{subsubsection.2.4.2}{\376\377\000M\000o\000d\000e\000l\000\040\0002}{subsection.2.4}% 14
\BOOKMARK [1][-]{section.3}{\376\377\000M\000e\000t\000o\000d\000o\000l\000o\000g\000i}{}% 15
\BOOKMARK [2][-]{subsection.3.1}{\376\377\000D\000a\000t\000a\000s\000e\000t}{section.3}% 16
\BOOKMARK [2][-]{subsection.3.2}{\376\377\000P\000r\000e\000p\000r\000o\000c\000e\000s\000s\000i\000n\000g\000\040\000d\000a\000n\000\040\000A\000u\000g\000m\000e\000n\000t\000a\000s\000i\000\040\000D\000a\000t\000a}{section.3}% 17
\BOOKMARK [2][-]{subsection.3.3}{\376\377\000K\000o\000n\000f\000i\000g\000u\000r\000a\000s\000i\000\040\000T\000r\000a\000i\000n\000i\000n\000g}{section.3}% 18
\BOOKMARK [2][-]{subsection.3.4}{\376\377\000L\000i\000b\000r\000a\000r\000y\000\040\000d\000a\000n\000\040\000F\000r\000a\000m\000e\000w\000o\000r\000k}{section.3}% 19
\BOOKMARK [2][-]{subsection.3.5}{\376\377\000S\000p\000e\000s\000i\000f\000i\000k\000a\000s\000i\000\040\000H\000a\000r\000d\000w\000a\000r\000e}{section.3}% 20
\BOOKMARK [2][-]{subsection.3.6}{\376\377\000M\000e\000t\000r\000i\000k\000\040\000E\000v\000a\000l\000u\000a\000s\000i}{section.3}% 21
\BOOKMARK [1][-]{section.4}{\376\377\000H\000a\000s\000i\000l\000\040\000d\000a\000n\000\040\000A\000n\000a\000l\000i\000s\000i\000s}{}% 22
\BOOKMARK [2][-]{subsection.4.1}{\376\377\000P\000e\000r\000b\000a\000n\000d\000i\000n\000g\000a\000n\000\040\000J\000u\000m\000l\000a\000h\000\040\000P\000a\000r\000a\000m\000e\000t\000e\000r}{section.4}% 23
\BOOKMARK [2][-]{subsection.4.2}{\376\377\000P\000e\000r\000b\000a\000n\000d\000i\000n\000g\000a\000n\000\040\000M\000e\000t\000r\000i\000k\000\040\000P\000e\000r\000f\000o\000r\000m\000a}{section.4}% 24
\BOOKMARK [2][-]{subsection.4.3}{\376\377\000P\000e\000r\000b\000a\000n\000d\000i\000n\000g\000a\000n\000\040\000W\000a\000k\000t\000u\000\040\000I\000n\000f\000e\000r\000e\000n\000s\000i}{section.4}% 25
\BOOKMARK [2][-]{subsection.4.4}{\376\377\000V\000i\000s\000u\000a\000l\000i\000s\000a\000s\000i}{section.4}% 26
\BOOKMARK [3][-]{subsubsection.4.4.1}{\376\377\000K\000u\000r\000v\000a\000\040\000L\000e\000a\000r\000n\000i\000n\000g}{subsection.4.4}% 27
\BOOKMARK [3][-]{subsubsection.4.4.2}{\376\377\000C\000o\000n\000f\000u\000s\000i\000o\000n\000\040\000M\000a\000t\000r\000i\000x}{subsection.4.4}% 28
\BOOKMARK [3][-]{subsubsection.4.4.3}{\376\377\000C\000o\000n\000t\000o\000h\000\040\000P\000r\000e\000d\000i\000k\000s\000i}{subsection.4.4}% 29
\BOOKMARK [2][-]{subsection.4.5}{\376\377\000A\000n\000a\000l\000i\000s\000i\000s\000\040\000M\000e\000n\000d\000a\000l\000a\000m}{section.4}% 30
\BOOKMARK [3][-]{subsubsection.4.5.1}{\376\377\000A\000n\000a\000l\000i\000s\000i\000s\000\040\000P\000e\000r\000f\000o\000r\000m\000a\000\040\000M\000o\000d\000e\000l}{subsection.4.5}% 31
\BOOKMARK [3][-]{subsubsection.4.5.2}{\376\377\000T\000r\000a\000d\000e\000-\000o\000f\000f\000\040\000A\000k\000u\000r\000a\000s\000i\000,\000\040\000P\000a\000r\000a\000m\000e\000t\000e\000r\000,\000\040\000d\000a\000n\000\040\000K\000e\000c\000e\000p\000a\000t\000a\000n}{subsection.4.5}% 32
\BOOKMARK [3][-]{subsubsection.4.5.3}{\376\377\000K\000e\000s\000e\000s\000u\000a\000i\000a\000n\000\040\000M\000o\000d\000e\000l\000\040\000d\000e\000n\000g\000a\000n\000\040\000D\000a\000t\000a\000s\000e\000t}{subsection.4.5}% 33
\BOOKMARK [1][-]{section.5}{\376\377\000K\000e\000s\000i\000m\000p\000u\000l\000a\000n\000\040\000d\000a\000n\000\040\000S\000a\000r\000a\000n}{}% 34
\BOOKMARK [2][-]{subsection.5.1}{\376\377\000K\000e\000s\000i\000m\000p\000u\000l\000a\000n}{section.5}% 35
\BOOKMARK [2][-]{subsection.5.2}{\376\377\000R\000e\000k\000o\000m\000e\000n\000d\000a\000s\000i\000\040\000M\000o\000d\000e\000l}{section.5}% 36
\BOOKMARK [3][-]{subsubsection.5.2.1}{\376\377\000U\000n\000t\000u\000k\000\040\000A\000k\000u\000r\000a\000s\000i\000\040\000M\000a\000k\000s\000i\000m\000a\000l}{subsection.5.2}% 37
\BOOKMARK [3][-]{subsubsection.5.2.2}{\376\377\000U\000n\000t\000u\000k\000\040\000E\000f\000i\000s\000i\000e\000n\000s\000i\000\040\000K\000o\000m\000p\000u\000t\000a\000s\000i}{subsection.5.2}% 38
\BOOKMARK [3][-]{subsubsection.5.2.3}{\376\377\000U\000n\000t\000u\000k\000\040\000A\000p\000l\000i\000k\000a\000s\000i\000\040\000R\000e\000a\000l\000-\000t\000i\000m\000e}{subsection.5.2}% 39
\BOOKMARK [2][-]{subsection.5.3}{\376\377\000S\000a\000r\000a\000n\000\040\000u\000n\000t\000u\000k\000\040\000P\000e\000n\000g\000e\000m\000b\000a\000n\000g\000a\000n\000\040\000L\000e\000b\000i\000h\000\040\000L\000a\000n\000j\000u\000t}{section.5}% 40
\BOOKMARK [1][-]{section*.6}{\376\377\000L\000a\000m\000p\000i\000r\000a\000n}{}% 41
\BOOKMARK [2][-]{section*.7}{\376\377\000A\000.\000\040\000S\000o\000u\000r\000c\000e\000\040\000C\000o\000d\000e}{section*.6}% 42
\BOOKMARK [2][-]{section*.8}{\376\377\000B\000.\000\040\000O\000u\000t\000p\000u\000t\000\040\000T\000r\000a\000i\000n\000i\000n\000g\000\040\000L\000o\000g}{section*.6}% 43
\BOOKMARK [2][-]{section*.9}{\376\377\000C\000.\000\040\000S\000c\000r\000e\000e\000n\000s\000h\000o\000t\000\040\000H\000a\000s\000i\000l\000\040\000E\000k\000s\000p\000e\000r\000i\000m\000e\000n}{section*.6}% 44
